#
# There is insufficient memory for the Java Runtime Environment to continue.
# Native memory allocation (malloc) failed to allocate 32744 bytes for ChunkPool::allocate
# Possible reasons:
#   The system is out of physical RAM or swap space
#   The process is running with CompressedOops enabled, and the Java Heap may be blocking the growth of the native heap
# Possible solutions:
#   Reduce memory load on the system
#   Increase physical memory or swap space
#   Check if swap backing store is full
#   Decrease Java heap size (-Xmx/-Xms)
#   Decrease number of Java threads
#   Decrease Java thread stack sizes (-Xss)
#   Set larger code cache with -XX:ReservedCodeCacheSize=
#   JVM is running with Unscaled Compressed Oops mode in which the Java heap is
#     placed in the first 4GB address space. The Java Heap base address is the
#     maximum limit for the native heap growth. Please use -XX:HeapBaseMinAddress
#     to set the Java Heap base and to place the Java Heap above 4GB virtual address.
# This output file may be truncated or incomplete.
#
#  Out of Memory Error (arena.cpp:78), pid=7612, tid=7520
#
# JRE version: OpenJDK Runtime Environment Temurin-17.0.4.1+1 (17.0.4.1+1) (build 17.0.4.1+1)
# Java VM: OpenJDK 64-Bit Server VM Temurin-17.0.4.1+1 (17.0.4.1+1, mixed mode, tiered, compressed oops, compressed class ptrs, g1 gc, windows-amd64)
# No core dump will be written. Minidumps are not enabled by default on client versions of Windows
#

---------------  S U M M A R Y ------------

Command Line: -Dfile.encoding=UTF-8 -XX:+ShowCodeDetailsInExceptionMessages assignmentonlocator.FlipkartLaptop

Host: Intel(R) Core(TM) i3-2330M CPU @ 2.20GHz, 4 cores, 2G,  Windows 7 , 64 bit Build 7601 (6.1.7601.24475)
Time: Tue Dec 20 15:00:09 2022 India Standard Time elapsed time: 39.859478 seconds (0d 0h 0m 39s)

---------------  T H R E A D  ---------------

Current thread (0x0000000019d4b6e0):  JavaThread "C1 CompilerThread0" daemon [_thread_in_native, id=7520, stack(0x000000005b3f0000,0x000000005b4f0000)]


Current CompileTask:
C1:  39859 1706       3       java.lang.invoke.InnerClassLambdaMetafactory::<init> (258 bytes)

Stack: [0x000000005b3f0000,0x000000005b4f0000]
Native frames: (J=compiled Java code, j=interpreted, Vv=VM code, C=native code)
V  [jvm.dll+0x67731a]
V  [jvm.dll+0x832284]
V  [jvm.dll+0x833a2e]
V  [jvm.dll+0x834093]
V  [jvm.dll+0x245775]
V  [jvm.dll+0xabfc0]
V  [jvm.dll+0xac30c]
V  [jvm.dll+0x17ba91]
V  [jvm.dll+0x17e609]
V  [jvm.dll+0x17ec10]
V  [jvm.dll+0x1763e0]
V  [jvm.dll+0x1758c7]
V  [jvm.dll+0x17f6cb]
V  [jvm.dll+0x176a08]
V  [jvm.dll+0x17a7ef]
V  [jvm.dll+0x134943]
V  [jvm.dll+0x13423f]
V  [jvm.dll+0x134476]
V  [jvm.dll+0x13390a]
V  [jvm.dll+0x1355d1]
V  [jvm.dll+0x227498]
V  [jvm.dll+0x2255e5]
V  [jvm.dll+0x7e7e9b]
V  [jvm.dll+0x7e240a]
V  [jvm.dll+0x6761a5]
C  [ucrtbase.DLL+0x1c1ae]
C  [kernel32.dll+0x1556d]
C  [ntdll.dll+0x5385d]


---------------  P R O C E S S  ---------------

Threads class SMR info:
_java_thread_list=0x000000005b971f80, length=23, elements={
0x0000000000267c30, 0x0000000019d0f070, 0x0000000019d0fdb0, 0x0000000019d46c40,
0x0000000019d47500, 0x0000000019d3e890, 0x0000000019d43a70, 0x0000000019d4a910,
0x0000000019d4b6e0, 0x0000000019d5cbc0, 0x000000005b7a6220, 0x000000005b7fa8a0,
0x000000005babb930, 0x000000005c7c51e0, 0x000000005c8e9ac0, 0x000000005c99b770,
0x000000005c8ece10, 0x000000005c986570, 0x000000005ca30860, 0x000000005ca315f0,
0x000000005c9b64b0, 0x000000005c9b5fe0, 0x000000005c9b6980
}

Java Threads: ( => current thread )
  0x0000000000267c30 JavaThread "main" [_thread_in_vm, id=7188, stack(0x0000000002120000,0x0000000002220000)]
  0x0000000019d0f070 JavaThread "Reference Handler" daemon [_thread_blocked, id=7672, stack(0x00000000198b0000,0x00000000199b0000)]
  0x0000000019d0fdb0 JavaThread "Finalizer" daemon [_thread_blocked, id=7488, stack(0x000000005a900000,0x000000005aa00000)]
  0x0000000019d46c40 JavaThread "Signal Dispatcher" daemon [_thread_blocked, id=7496, stack(0x000000005ab40000,0x000000005ac40000)]
  0x0000000019d47500 JavaThread "Attach Listener" daemon [_thread_blocked, id=7504, stack(0x000000005acf0000,0x000000005adf0000)]
  0x0000000019d3e890 JavaThread "Service Thread" daemon [_thread_blocked, id=7512, stack(0x000000005aee0000,0x000000005afe0000)]
  0x0000000019d43a70 JavaThread "Monitor Deflation Thread" daemon [_thread_blocked, id=7480, stack(0x000000005b010000,0x000000005b110000)]
  0x0000000019d4a910 JavaThread "C2 CompilerThread0" daemon [_thread_blocked, id=7516, stack(0x000000005b200000,0x000000005b300000)]
=>0x0000000019d4b6e0 JavaThread "C1 CompilerThread0" daemon [_thread_in_native, id=7520, stack(0x000000005b3f0000,0x000000005b4f0000)]
  0x0000000019d5cbc0 JavaThread "Sweeper thread" daemon [_thread_blocked, id=7528, stack(0x000000005b600000,0x000000005b700000)]
  0x000000005b7a6220 JavaThread "Notification Thread" daemon [_thread_blocked, id=7500, stack(0x000000005bba0000,0x000000005bca0000)]
  0x000000005b7fa8a0 JavaThread "Common-Cleaner" daemon [_thread_blocked, id=7708, stack(0x000000005bd00000,0x000000005be00000)]
  0x000000005babb930 JavaThread "ForkJoinPool.commonPool-worker-1" daemon [_thread_blocked, id=7680, stack(0x000000005d480000,0x000000005d580000)]
  0x000000005c7c51e0 JavaThread "AsyncHttpClient-1-1" daemon [_thread_blocked, id=7688, stack(0x000000005d5f0000,0x000000005d6f0000)]
  0x000000005c8e9ac0 JavaThread "Exec Default Executor" daemon [_thread_in_native, id=7412, stack(0x000000005ecf0000,0x000000005edf0000)]
  0x000000005c99b770 JavaThread "Driver Service Executor" daemon [_thread_blocked, id=7404, stack(0x000000005aa40000,0x000000005ab40000)]
  0x000000005c8ece10 JavaThread "Driver Service Executor" daemon [_thread_blocked, id=7416, stack(0x000000005edf0000,0x000000005eef0000)]
  0x000000005c986570 JavaThread "UrlChecker-2" daemon [_thread_blocked, id=7436, stack(0x000000005c150000,0x000000005c250000)]
  0x000000005ca30860 JavaThread "Exec Stream Pumper" daemon [_thread_in_native, id=7392, stack(0x000000005f950000,0x000000005fa50000)]
  0x000000005ca315f0 JavaThread "Exec Stream Pumper" daemon [_thread_in_native, id=7420, stack(0x000000005fb40000,0x000000005fc40000)]
  0x000000005c9b64b0 JavaThread "AsyncHttpClient-1-2" daemon [_thread_in_native, id=7932, stack(0x000000005ef00000,0x000000005f000000)]
  0x000000005c9b5fe0 JavaThread "AsyncHttpClient-1-3" daemon [_thread_in_native, id=2024, stack(0x0000000060240000,0x0000000060340000)]
  0x000000005c9b6980 JavaThread "AsyncHttpClient-1-4" daemon [_thread_in_native, id=6820, stack(0x0000000060780000,0x0000000060880000)]

Other Threads:
  0x000000001986f7e0 VMThread "VM Thread" [stack: 0x0000000019e70000,0x0000000019f70000] [id=7668] _threads_hazard_ptr=0x000000005b971f80
  0x0000000019cd0d50 WatcherThread [stack: 0x000000005be00000,0x000000005bf00000] [id=7476]
  0x00000000002a13a0 GCTaskThread "GC Thread#0" [stack: 0x0000000016ee0000,0x0000000016fe0000] [id=5088]
  0x000000005c86e680 GCTaskThread "GC Thread#1" [stack: 0x000000005d800000,0x000000005d900000] [id=7696]
  0x000000005c7d7bd0 GCTaskThread "GC Thread#2" [stack: 0x000000005d960000,0x000000005da60000] [id=7700]
  0x000000005c874ec0 GCTaskThread "GC Thread#3" [stack: 0x000000005db40000,0x000000005dc40000] [id=7712]
  0x00000000002a8930 ConcurrentGCThread "G1 Main Marker" [stack: 0x0000000017050000,0x0000000017150000] [id=7508]
  0x00000000002ab250 ConcurrentGCThread "G1 Conc#0" [stack: 0x0000000017340000,0x0000000017440000] [id=7492]
  0x00000000002ea580 ConcurrentGCThread "G1 Refine#0" [stack: 0x00000000199c0000,0x0000000019ac0000] [id=7484]
  0x0000000019780080 ConcurrentGCThread "G1 Service" [stack: 0x0000000019b50000,0x0000000019c50000] [id=7524]

Threads with active compile tasks:
C1 CompilerThread0    42996 1706       3       java.lang.invoke.InnerClassLambdaMetafactory::<init> (258 bytes)

VM state: synchronizing (normal execution)

VM Mutex/Monitor currently owned by a thread:  ([mutex/lock_event])
[0x0000000000262120] Metaspace_lock - owner thread: 0x0000000000267c30
[0x0000000000262e10] Threads_lock - owner thread: 0x000000001986f7e0

Heap address: 0x00000000d1600000, size: 746 MB, Compressed Oops mode: 32-bit

CDS archive(s) not mapped
Compressed class space mapped at: 0x000000001a000000-0x000000005a000000, reserved size: 1073741824
Narrow klass base: 0x0000000000000000, Narrow klass shift: 0, Narrow klass range: 0x5a000000

GC Precious Log:
 CPUs: 4 total, 4 available
 Memory: 2980M
 Large Page Support: Disabled
 NUMA Support: Disabled
 Compressed Oops: Enabled (32-bit)
 Heap Region Size: 1M
 Heap Min Capacity: 8M
 Heap Initial Capacity: 48M
 Heap Max Capacity: 746M
 Pre-touch: Disabled
 Parallel Workers: 4
 Concurrent Workers: 1
 Concurrent Refinement Workers: 4
 Periodic GC: Disabled

Heap:
 garbage-first heap   total 30720K, used 15046K [0x00000000d1600000, 0x0000000100000000)
  region size 1024K, 3 young (3072K), 1 survivors (1024K)
 Metaspace       used 25998K, committed 26176K, reserved 1073152K
  class space    used 2944K, committed 3008K, reserved 1048576K

Heap Regions: E=young(eden), S=young(survivor), O=old, HS=humongous(starts), HC=humongous(continues), CS=collection set, F=free, OA=open archive, CA=closed archive, TAMS=top-at-mark-start (previous, next)
|   0|0x00000000d1600000, 0x00000000d1700000, 0x00000000d1700000|100%|HS|  |TAMS 0x00000000d1700000, 0x00000000d1600000| Complete 
|   1|0x00000000d1700000, 0x00000000d1800000, 0x00000000d1800000|100%|HC|  |TAMS 0x00000000d1800000, 0x00000000d1700000| Complete 
|   2|0x00000000d1800000, 0x00000000d1900000, 0x00000000d1900000|100%| O|  |TAMS 0x00000000d1900000, 0x00000000d1800000| Untracked 
|   3|0x00000000d1900000, 0x00000000d1a00000, 0x00000000d1a00000|100%| O|  |TAMS 0x00000000d1a00000, 0x00000000d1900000| Untracked 
|   4|0x00000000d1a00000, 0x00000000d1a00000, 0x00000000d1b00000|  0%| F|  |TAMS 0x00000000d1a00000, 0x00000000d1a00000| Untracked 
|   5|0x00000000d1b00000, 0x00000000d1c00000, 0x00000000d1c00000|100%|HS|  |TAMS 0x00000000d1b00000, 0x00000000d1b00000| Complete 
|   6|0x00000000d1c00000, 0x00000000d1d00000, 0x00000000d1d00000|100%|HC|  |TAMS 0x00000000d1c00000, 0x00000000d1c00000| Complete 
|   7|0x00000000d1d00000, 0x00000000d1e00000, 0x00000000d1e00000|100%|HC|  |TAMS 0x00000000d1d00000, 0x00000000d1d00000| Complete 
|   8|0x00000000d1e00000, 0x00000000d1f00000, 0x00000000d1f00000|100%|HC|  |TAMS 0x00000000d1e00000, 0x00000000d1e00000| Complete 
|   9|0x00000000d1f00000, 0x00000000d2000000, 0x00000000d2000000|100%|HC|  |TAMS 0x00000000d1f00000, 0x00000000d1f00000| Complete 
|  10|0x00000000d2000000, 0x00000000d2100000, 0x00000000d2100000|100%| O|  |TAMS 0x00000000d2000000, 0x00000000d2000000| Untracked 
|  11|0x00000000d2100000, 0x00000000d2200000, 0x00000000d2200000|100%| O|  |TAMS 0x00000000d2100000, 0x00000000d2100000| Untracked 
|  12|0x00000000d2200000, 0x00000000d2300000, 0x00000000d2300000|100%| O|  |TAMS 0x00000000d2200000, 0x00000000d2200000| Untracked 
|  13|0x00000000d2300000, 0x00000000d2400000, 0x00000000d2400000|100%| O|  |TAMS 0x00000000d2300000, 0x00000000d2300000| Untracked 
|  14|0x00000000d2400000, 0x00000000d2400000, 0x00000000d2500000|  0%| F|  |TAMS 0x00000000d2400000, 0x00000000d2400000| Untracked 
|  15|0x00000000d2500000, 0x00000000d2500000, 0x00000000d2600000|  0%| F|  |TAMS 0x00000000d2500000, 0x00000000d2500000| Untracked 
|  16|0x00000000d2600000, 0x00000000d2600000, 0x00000000d2700000|  0%| F|  |TAMS 0x00000000d2600000, 0x00000000d2600000| Untracked 
|  17|0x00000000d2700000, 0x00000000d2700000, 0x00000000d2800000|  0%| F|  |TAMS 0x00000000d2700000, 0x00000000d2700000| Untracked 
|  18|0x00000000d2800000, 0x00000000d2800000, 0x00000000d2900000|  0%| F|  |TAMS 0x00000000d2800000, 0x00000000d2800000| Untracked 
|  19|0x00000000d2900000, 0x00000000d2900000, 0x00000000d2a00000|  0%| F|  |TAMS 0x00000000d2900000, 0x00000000d2900000| Untracked 
|  20|0x00000000d2a00000, 0x00000000d2a00000, 0x00000000d2b00000|  0%| F|  |TAMS 0x00000000d2a00000, 0x00000000d2a00000| Untracked 
|  21|0x00000000d2b00000, 0x00000000d2b00000, 0x00000000d2c00000|  0%| F|  |TAMS 0x00000000d2b00000, 0x00000000d2b00000| Untracked 
|  22|0x00000000d2c00000, 0x00000000d2c00000, 0x00000000d2d00000|  0%| F|  |TAMS 0x00000000d2c00000, 0x00000000d2c00000| Untracked 
|  23|0x00000000d2d00000, 0x00000000d2d00000, 0x00000000d2e00000|  0%| F|  |TAMS 0x00000000d2d00000, 0x00000000d2d00000| Untracked 
|  24|0x00000000d2e00000, 0x00000000d2e00000, 0x00000000d2f00000|  0%| F|  |TAMS 0x00000000d2e00000, 0x00000000d2e00000| Untracked 
|  25|0x00000000d2f00000, 0x00000000d2f00000, 0x00000000d3000000|  0%| F|  |TAMS 0x00000000d2f00000, 0x00000000d2f00000| Untracked 
|  38|0x00000000d3c00000, 0x00000000d3c00000, 0x00000000d3d00000|  0%| F|  |TAMS 0x00000000d3c00000, 0x00000000d3c00000| Untracked 
|  39|0x00000000d3d00000, 0x00000000d3d54c40, 0x00000000d3e00000| 33%| E|  |TAMS 0x00000000d3d00000, 0x00000000d3d00000| Complete 
|  40|0x00000000d3e00000, 0x00000000d3eb1800, 0x00000000d3f00000| 69%| S|CS|TAMS 0x00000000d3e00000, 0x00000000d3e00000| Complete 
|  47|0x00000000d4500000, 0x00000000d4600000, 0x00000000d4600000|100%| E|CS|TAMS 0x00000000d4500000, 0x00000000d4500000| Complete 

Card table byte_map: [0x00000000153d0000,0x0000000015550000] _byte_map_base: 0x0000000014d45000

Marking Bits (Prev, Next): (CMBitMap*) 0x00000000002a1900, (CMBitMap*) 0x00000000002a18c0
 Prev Bits: [0x0000000016280000, 0x0000000016e28000)
 Next Bits: [0x00000000156d0000, 0x0000000016278000)

Polling page: 0x0000000001e50000

Metaspace:

Usage:
  Non-class:     22.51 MB used.
      Class:      2.88 MB used.
       Both:     25.39 MB used.

Virtual space:
  Non-class space:       24.00 MB reserved,      22.63 MB ( 94%) committed,  3 nodes.
      Class space:        1.00 GB reserved,       2.94 MB ( <1%) committed,  1 nodes.
             Both:        1.02 GB reserved,      25.56 MB (  2%) committed. 

Chunk freelists:
   Non-Class:  848.00 KB
       Class:  1.02 MB
        Both:  1.84 MB

MaxMetaspaceSize: unlimited
CompressedClassSpaceSize: 1.00 GB
Initial GC threshold: 21.00 MB
Current GC threshold: 35.13 MB
CDS: off
MetaspaceReclaimPolicy: balanced
 - commit_granule_bytes: 65536.
 - commit_granule_words: 8192.
 - virtual_space_node_default_size: 1048576.
 - enlarge_chunks_in_place: 1.
 - new_chunks_are_fully_committed: 0.
 - uncommit_free_chunks: 1.
 - use_allocation_guard: 0.
 - handle_deallocations: 1.


Internal statistics:

num_allocs_failed_limit: 3.
num_arena_births: 124.
num_arena_deaths: 0.
num_vsnodes_births: 4.
num_vsnodes_deaths: 0.
num_space_committed: 409.
num_space_uncommitted: 0.
num_chunks_returned_to_freelist: 3.
num_chunks_taken_from_freelist: 570.
num_chunk_merges: 3.
num_chunk_splits: 383.
num_chunks_enlarged: 307.
num_purges: 0.
num_inconsistent_stats: 0.

CodeHeap 'non-profiled nmethods': size=120000Kb used=516Kb max_used=516Kb free=119483Kb
 bounds [0x000000000d7f0000, 0x000000000da60000, 0x0000000014d20000]
CodeHeap 'profiled nmethods': size=120000Kb used=3184Kb max_used=3184Kb free=116815Kb
 bounds [0x00000000062c0000, 0x00000000065e0000, 0x000000000d7f0000]
CodeHeap 'non-nmethods': size=5760Kb used=1252Kb max_used=1269Kb free=4507Kb
 bounds [0x0000000005d20000, 0x0000000005f90000, 0x00000000062c0000]
 total_blobs=2264 nmethods=1703 adapters=474
 compilation: enabled
              stopped_count=0, restarted_count=0
 full_count=0

Compilation events (20 events):
Event: 37.081 Thread 0x0000000019d4b6e0 nmethod 1694 0x00000000065da110 code [0x00000000065da2a0, 0x00000000065da3f8]
Event: 37.081 Thread 0x0000000019d4b6e0 1695       3       java.lang.AbstractStringBuilder::append (45 bytes)
Event: 37.082 Thread 0x0000000019d4b6e0 nmethod 1695 0x00000000065da490 code [0x00000000065da660, 0x00000000065da9a8]
Event: 37.083 Thread 0x0000000019d4b6e0 1696       3       java.lang.reflect.AccessibleObject::checkPermission (16 bytes)
Event: 37.083 Thread 0x0000000019d4b6e0 nmethod 1696 0x00000000065dab10 code [0x00000000065dace0, 0x00000000065db008]
Event: 37.083 Thread 0x0000000019d4b6e0 1697       3       java.lang.reflect.AccessibleObject::checkCanSetAccessible (9 bytes)
Event: 37.084 Thread 0x0000000019d4b6e0 nmethod 1697 0x00000000065db190 code [0x00000000065db320, 0x00000000065db468]
Event: 37.084 Thread 0x0000000019d4b6e0 1698       1       java.util.stream.Collectors$CollectorImpl::supplier (5 bytes)
Event: 37.084 Thread 0x0000000019d4b6e0 nmethod 1698 0x000000000d870910 code [0x000000000d870aa0, 0x000000000d870b78]
Event: 37.084 Thread 0x0000000019d4b6e0 1699       1       java.util.stream.Collectors$CollectorImpl::accumulator (5 bytes)
Event: 37.084 Thread 0x0000000019d4b6e0 nmethod 1699 0x000000000d870c10 code [0x000000000d870da0, 0x000000000d870e78]
Event: 37.084 Thread 0x0000000019d4b6e0 1700       1       java.util.stream.Collectors$CollectorImpl::combiner (5 bytes)
Event: 37.084 Thread 0x0000000019d4b6e0 nmethod 1700 0x000000000d870f10 code [0x000000000d8710a0, 0x000000000d871178]
Event: 37.085 Thread 0x0000000019d4b6e0 1701       3       java.lang.AbstractStringBuilder::putStringAt (34 bytes)
Event: 37.085 Thread 0x0000000019d4b6e0 nmethod 1701 0x00000000065db510 code [0x00000000065db6e0, 0x00000000065db9f8]
Event: 37.085 Thread 0x0000000019d4b6e0 1702       3       java.lang.invoke.TypeConvertingMethodAdapter::<init> (8 bytes)
Event: 37.086 Thread 0x0000000019d4b6e0 nmethod 1702 0x00000000065dbb90 code [0x00000000065dbd20, 0x00000000065dbe68]
Event: 37.086 Thread 0x0000000019d4b6e0 1703       3       jdk.internal.org.objectweb.asm.MethodVisitor::visitCode (15 bytes)
Event: 37.086 Thread 0x0000000019d4b6e0 nmethod 1703 0x00000000065dbf10 code [0x00000000065dc0c0, 0x00000000065dc2c8]
Event: 37.086 Thread 0x0000000019d4b6e0 1706       3       java.lang.invoke.InnerClassLambdaMetafactory::<init> (258 bytes)

GC Heap History (10 events):
Event: 1.088 GC heap before
{Heap before GC invocations=0 (full 0):
 garbage-first heap   total 49152K, used 15360K [0x00000000d1600000, 0x0000000100000000)
  region size 1024K, 13 young (13312K), 0 survivors (0K)
 Metaspace       used 13655K, committed 13824K, reserved 1064960K
  class space    used 1401K, committed 1472K, reserved 1048576K
}
Event: 1.097 GC heap after
{Heap after GC invocations=1 (full 0):
 garbage-first heap   total 49152K, used 4515K [0x00000000d1600000, 0x0000000100000000)
  region size 1024K, 2 young (2048K), 2 survivors (2048K)
 Metaspace       used 13655K, committed 13824K, reserved 1064960K
  class space    used 1401K, committed 1472K, reserved 1048576K
}
Event: 5.841 GC heap before
{Heap before GC invocations=1 (full 0):
 garbage-first heap   total 49152K, used 18851K [0x00000000d1600000, 0x0000000100000000)
  region size 1024K, 17 young (17408K), 2 survivors (2048K)
 Metaspace       used 19532K, committed 19712K, reserved 1073152K
  class space    used 2055K, committed 2112K, reserved 1048576K
}
Event: 5.854 GC heap after
{Heap after GC invocations=2 (full 0):
 garbage-first heap   total 49152K, used 6762K [0x00000000d1600000, 0x0000000100000000)
  region size 1024K, 3 young (3072K), 3 survivors (3072K)
 Metaspace       used 19532K, committed 19712K, reserved 1073152K
  class space    used 2055K, committed 2112K, reserved 1048576K
}
Event: 6.075 GC heap before
{Heap before GC invocations=2 (full 0):
 garbage-first heap   total 49152K, used 12906K [0x00000000d1600000, 0x0000000100000000)
  region size 1024K, 10 young (10240K), 3 survivors (3072K)
 Metaspace       used 21361K, committed 21504K, reserved 1073152K
  class space    used 2335K, committed 2432K, reserved 1048576K
}
Event: 6.079 GC heap after
{Heap after GC invocations=3 (full 0):
 garbage-first heap   total 49152K, used 7160K [0x00000000d1600000, 0x0000000100000000)
  region size 1024K, 3 young (3072K), 3 survivors (3072K)
 Metaspace       used 21361K, committed 21504K, reserved 1073152K
  class space    used 2335K, committed 2432K, reserved 1048576K
}
Event: 24.689 GC heap before
{Heap before GC invocations=4 (full 0):
 garbage-first heap   total 30720K, used 22520K [0x00000000d1600000, 0x0000000100000000)
  region size 1024K, 14 young (14336K), 3 survivors (3072K)
 Metaspace       used 24634K, committed 24832K, reserved 1073152K
  class space    used 2798K, committed 2880K, reserved 1048576K
}
Event: 24.699 GC heap after
{Heap after GC invocations=5 (full 0):
 garbage-first heap   total 30720K, used 13493K [0x00000000d1600000, 0x0000000100000000)
  region size 1024K, 2 young (2048K), 2 survivors (2048K)
 Metaspace       used 24634K, committed 24832K, reserved 1073152K
  class space    used 2798K, committed 2880K, reserved 1048576K
}
Event: 24.768 GC heap before
{Heap before GC invocations=5 (full 0):
 garbage-first heap   total 30720K, used 14517K [0x00000000d1600000, 0x0000000100000000)
  region size 1024K, 3 young (3072K), 2 survivors (2048K)
 Metaspace       used 25670K, committed 25856K, reserved 1073152K
  class space    used 2899K, committed 3008K, reserved 1048576K
}
Event: 24.775 GC heap after
{Heap after GC invocations=6 (full 0):
 garbage-first heap   total 30720K, used 14022K [0x00000000d1600000, 0x0000000100000000)
  region size 1024K, 1 young (1024K), 1 survivors (1024K)
 Metaspace       used 25670K, committed 25856K, reserved 1073152K
  class space    used 2899K, committed 3008K, reserved 1048576K
}

Deoptimization events (20 events):
Event: 37.079 Thread 0x0000000000267c30 Uncommon trap: trap_request=0xffffff45 fr.pc=0x000000000d81739c relative=0x000000000000047c
Event: 37.079 Thread 0x0000000000267c30 Uncommon trap: reason=unstable_if action=reinterpret pc=0x000000000d81739c method=java.lang.AbstractStringBuilder.putStringAt(ILjava/lang/String;II)V @ 8 c2
Event: 37.079 Thread 0x0000000000267c30 DEOPT PACKING pc=0x000000000d81739c sp=0x000000000221e7b0
Event: 37.079 Thread 0x0000000000267c30 DEOPT UNPACKING pc=0x0000000005d723a3 sp=0x000000000221e648 mode 2
Event: 37.080 Thread 0x0000000000267c30 Uncommon trap: trap_request=0xffffff45 fr.pc=0x000000000d81c138 relative=0x0000000000000038
Event: 37.080 Thread 0x0000000000267c30 Uncommon trap: reason=unstable_if action=reinterpret pc=0x000000000d81c138 method=java.lang.StringLatin1.canEncode(I)Z @ 4 c2
Event: 37.080 Thread 0x0000000000267c30 DEOPT PACKING pc=0x000000000d81c138 sp=0x000000000221d560
Event: 37.080 Thread 0x0000000000267c30 DEOPT UNPACKING pc=0x0000000005d723a3 sp=0x000000000221d4f0 mode 2
Event: 38.214 Thread 0x0000000000267c30 Uncommon trap: trap_request=0xffffff45 fr.pc=0x000000000d827fe4 relative=0x00000000000001c4
Event: 38.214 Thread 0x0000000000267c30 Uncommon trap: reason=unstable_if action=reinterpret pc=0x000000000d827fe4 method=java.lang.String.startsWith(Ljava/lang/String;I)Z @ 50 c2
Event: 38.214 Thread 0x0000000000267c30 DEOPT PACKING pc=0x000000000d827fe4 sp=0x000000000221e810
Event: 38.214 Thread 0x0000000000267c30 DEOPT UNPACKING pc=0x0000000005d723a3 sp=0x000000000221e718 mode 2
Event: 38.214 Thread 0x0000000000267c30 Uncommon trap: trap_request=0xffffff45 fr.pc=0x000000000d85ae30 relative=0x00000000000000b0
Event: 38.214 Thread 0x0000000000267c30 Uncommon trap: reason=unstable_if action=reinterpret pc=0x000000000d85ae30 method=java.lang.String.getBytes([BIB)V @ 5 c2
Event: 38.214 Thread 0x0000000000267c30 DEOPT PACKING pc=0x000000000d85ae30 sp=0x000000000221e940
Event: 38.214 Thread 0x0000000000267c30 DEOPT UNPACKING pc=0x0000000005d723a3 sp=0x000000000221e908 mode 2
Event: 38.215 Thread 0x0000000000267c30 Uncommon trap: trap_request=0xffffff45 fr.pc=0x000000000d8128f0 relative=0x0000000000000170
Event: 38.215 Thread 0x0000000000267c30 Uncommon trap: reason=unstable_if action=reinterpret pc=0x000000000d8128f0 method=java.lang.String.equals(Ljava/lang/Object;)Z @ 33 c2
Event: 38.215 Thread 0x0000000000267c30 DEOPT PACKING pc=0x000000000d8128f0 sp=0x000000000221e870
Event: 38.215 Thread 0x0000000000267c30 DEOPT UNPACKING pc=0x0000000005d723a3 sp=0x000000000221e810 mode 2

Classes unloaded (0 events):
No events

Classes redefined (0 events):
No events

Internal exceptions (20 events):
Event: 4.690 Thread 0x000000005c986570 Exception <a 'java/net/SocketException'{0x00000000d353c3d8}: Socket is not connected: shutdown> (0x00000000d353c3d8) 
thrown [s\src\hotspot\share\prims\jni.cpp, line 535]
Event: 5.203 Thread 0x000000005c986570 Exception <a 'java/net/SocketException'{0x00000000d353d720}: Socket is not connected: shutdown> (0x00000000d353d720) 
thrown [s\src\hotspot\share\prims\jni.cpp, line 535]
Event: 5.725 Thread 0x000000005c986570 Exception <a 'java/net/SocketException'{0x00000000d353e998}: Socket is not connected: shutdown> (0x00000000d353e998) 
thrown [s\src\hotspot\share\prims\jni.cpp, line 535]
Event: 5.840 Thread 0x0000000000267c30 Exception <a 'java/lang/NoSuchMethodError'{0x00000000d35fd898}: 'int java.lang.invoke.DirectMethodHandle$Holder.invokeVirtual(java.lang.Object, java.lang.Object)'> (0x00000000d35fd898) 
thrown [s\src\hotspot\share\interpreter\linkResolver.cpp, line 759]
Event: 5.857 Thread 0x0000000000267c30 Exception <a 'java/lang/NoSuchMethodError'{0x00000000d45042c0}: 'double java.lang.invoke.DirectMethodHandle$Holder.invokeVirtual(java.lang.Object, java.lang.Object)'> (0x00000000d45042c0) 
thrown [s\src\hotspot\share\interpreter\linkResolver.cpp, line 759]
Event: 5.858 Thread 0x0000000000267c30 Exception <a 'java/lang/NoSuchMethodError'{0x00000000d450aa68}: 'float java.lang.invoke.DirectMethodHandle$Holder.invokeVirtual(java.lang.Object, java.lang.Object)'> (0x00000000d450aa68) 
thrown [s\src\hotspot\share\interpreter\linkResolver.cpp, line 759]
Event: 5.861 Thread 0x0000000000267c30 Exception <a 'java/lang/NoSuchMethodError'{0x00000000d4513bf8}: 'long java.lang.invoke.DirectMethodHandle$Holder.invokeVirtual(java.lang.Object, java.lang.Object)'> (0x00000000d4513bf8) 
thrown [s\src\hotspot\share\interpreter\linkResolver.cpp, line 759]
Event: 5.869 Thread 0x0000000000267c30 Exception <a 'java/lang/NoSuchMethodError'{0x00000000d453e528}: 'void java.lang.invoke.DirectMethodHandle$Holder.invokeStatic(java.lang.Object, java.lang.Object, java.lang.Object)'> (0x00000000d453e528) 
thrown [s\src\hotspot\share\interpreter\linkResolver.cpp, line 759]
Event: 5.873 Thread 0x0000000000267c30 Exception <a 'java/lang/NoSuchMethodError'{0x00000000d4549020}: 'java.lang.Object java.lang.invoke.DirectMethodHandle$Holder.invokeVirtual(java.lang.Object, java.lang.Object, java.lang.Object)'> (0x00000000d4549020) 
thrown [s\src\hotspot\share\interpreter\linkResolver.cpp, line 759]
Event: 5.921 Thread 0x0000000000267c30 Exception <a 'java/lang/NoSuchMethodError'{0x00000000d447bff0}: 'void java.lang.invoke.DirectMethodHandle$Holder.invokeSpecial(java.lang.Object, java.lang.Object, java.lang.Object, java.lang.Object, java.lang.Object)'> (0x00000000d447bff0) 
thrown [s\src\hotspot\share\interpreter\linkResolver.cpp, line 759]
Event: 5.923 Thread 0x0000000000267c30 Exception <a 'java/lang/NoSuchMethodError'{0x00000000d4483270}: 'void java.lang.invoke.DirectMethodHandle$Holder.invokeStatic(java.lang.Object, java.lang.Object, int)'> (0x00000000d4483270) 
thrown [s\src\hotspot\share\interpreter\linkResolver.cpp, line 759]
Event: 5.946 Thread 0x0000000000267c30 Exception <a 'java/lang/NoSuchMethodError'{0x00000000d432f038}: 'java.lang.Object java.lang.invoke.DirectMethodHandle$Holder.newInvokeSpecial(java.lang.Object, java.lang.Object, java.lang.Object, java.lang.Object, java.lang.Object)'> (0x00000000d432f038) 
thrown [s\src\hotspot\share\interpreter\linkResolver.cpp, line 759]
Event: 5.985 Thread 0x0000000000267c30 Exception <a 'java/lang/NoSuchMethodError'{0x00000000d4297540}: 'int java.lang.invoke.DirectMethodHandle$Holder.invokeSpecialIFC(java.lang.Object, java.lang.Object, java.lang.Object)'> (0x00000000d4297540) 
thrown [s\src\hotspot\share\interpreter\linkResolver.cpp, line 759]
Event: 6.000 Thread 0x0000000000267c30 Exception <a 'java/lang/NoSuchMethodError'{0x00000000d42fbf48}: 'java.lang.Object java.lang.invoke.Invokers$Holder.invokeExact_MT(java.lang.Object, java.lang.Object, java.lang.Object, java.lang.Object, java.lang.Object, java.lang.Object)'> (0x00000000d42fbf48) 
thrown [s\src\hotspot\share\interpreter\linkResolver.cpp, line 759]
Event: 6.041 Thread 0x0000000000267c30 Exception <a 'java/lang/NoSuchMethodError'{0x00000000d4041b48}: 'void java.lang.invoke.DirectMethodHandle$Holder.invokeStatic(java.lang.Object, java.lang.Object, java.lang.Object, java.lang.Object)'> (0x00000000d4041b48) 
thrown [s\src\hotspot\share\interpreter\linkResolver.cpp, line 759]
Event: 6.099 Thread 0x0000000000267c30 Exception <a 'java/lang/NoSuchMethodError'{0x00000000d4576930}: 'void java.lang.invoke.DirectMethodHandle$Holder.invokeSpecial(java.lang.Object, java.lang.Object, java.lang.Object, java.lang.Object, java.lang.Object, java.lang.Object)'> (0x00000000d4576930) 
thrown [s\src\hotspot\share\interpreter\linkResolver.cpp, line 759]
Event: 24.557 Thread 0x0000000000267c30 Exception <a 'java/lang/NoSuchMethodError'{0x00000000d2915690}: 'java.lang.Object java.lang.invoke.DirectMethodHandle$Holder.invokeSpecialIFC(java.lang.Object, java.lang.Object, java.lang.Object)'> (0x00000000d2915690) 
thrown [s\src\hotspot\share\interpreter\linkResolver.cpp, line 759]
Event: 24.567 Thread 0x0000000000267c30 Exception <a 'java/lang/NoSuchMethodError'{0x00000000d293def8}: 'void java.lang.invoke.DirectMethodHandle$Holder.invokeSpecial(java.lang.Object, java.lang.Object, java.lang.Object)'> (0x00000000d293def8) 
thrown [s\src\hotspot\share\interpreter\linkResolver.cpp, line 759]
Event: 24.763 Thread 0x0000000000267c30 Exception <a 'java/lang/ClassNotFoundException'{0x00000000d45e8e38}: sun/util/logging/resources/spi/loggingProvider> (0x00000000d45e8e38) 
thrown [s\src\hotspot\share\classfile\systemDictionary.cpp, line 256]
Event: 38.091 Thread 0x0000000000267c30 Exception <a 'java/lang/ClassNotFoundException'{0x00000000d45fc670}: sun/misc/SharedSecrets> (0x00000000d45fc670) 
thrown [s\src\hotspot\share\classfile\systemDictionary.cpp, line 256]

VM Operations (20 events):
Event: 8.095 Executing VM operation: Cleanup
Event: 8.095 Executing VM operation: Cleanup done
Event: 11.095 Executing VM operation: Cleanup
Event: 11.095 Executing VM operation: Cleanup done
Event: 17.095 Executing VM operation: Cleanup
Event: 17.095 Executing VM operation: Cleanup done
Event: 24.688 Executing VM operation: HandshakeAllThreads
Event: 24.688 Executing VM operation: HandshakeAllThreads done
Event: 24.688 Executing VM operation: Cleanup
Event: 24.688 Executing VM operation: Cleanup done
Event: 24.689 Executing VM operation: G1CollectForAllocation
Event: 24.699 Executing VM operation: G1CollectForAllocation done
Event: 24.757 Executing VM operation: HandshakeAllThreads
Event: 24.757 Executing VM operation: HandshakeAllThreads done
Event: 24.768 Executing VM operation: G1CollectForAllocation
Event: 24.775 Executing VM operation: G1CollectForAllocation done
Event: 25.775 Executing VM operation: Cleanup
Event: 25.776 Executing VM operation: Cleanup done
Event: 37.776 Executing VM operation: Cleanup
Event: 37.776 Executing VM operation: Cleanup done

Events (20 events):
Event: 24.784 loading class java/util/stream/ReferencePipeline$4$1
Event: 24.784 loading class java/util/stream/ReferencePipeline$4$1 done
Event: 24.784 loading class java/util/stream/SortedOps$SizedRefSortingSink
Event: 24.784 loading class java/util/stream/SortedOps$AbstractRefSortingSink
Event: 24.784 loading class java/util/stream/SortedOps$AbstractRefSortingSink done
Event: 24.784 loading class java/util/stream/SortedOps$SizedRefSortingSink done
Event: 37.084 loading class java/util/stream/SortedOps$RefSortingSink
Event: 37.084 loading class java/util/stream/SortedOps$RefSortingSink done
Event: 38.091 loading class sun/misc/SharedSecrets
Event: 38.091 loading class sun/misc/SharedSecrets done
Event: 38.200 loading class java/lang/Throwable$WrappedPrintStream
Event: 38.201 loading class java/lang/Throwable$PrintStreamOrWriter
Event: 38.201 loading class java/lang/Throwable$PrintStreamOrWriter done
Event: 38.201 loading class java/lang/Throwable$WrappedPrintStream done
Event: 38.211 loading class java/util/concurrent/ConcurrentHashMap$EntrySpliterator
Event: 38.212 loading class java/util/concurrent/ConcurrentHashMap$EntrySpliterator done
Event: 38.216 loading class java/lang/StackTraceElement$HashedModules
Event: 38.217 loading class java/lang/StackTraceElement$HashedModules done
Event: 38.219 loading class java/util/IdentityHashMap$KeyIterator
Event: 38.219 loading class java/util/IdentityHashMap$IdentityHashMapIterator


Dynamic libraries:
0x000000013fbd0000 - 0x000000013fbde000 	C:\Users\admin\Desktop\SALENIUM DATA\eclipse\plugins\org.eclipse.justj.openjdk.hotspot.jre.full.win32.x86_64_17.0.4.v20220903-1038\jre\bin\javaw.exe
0x0000000077690000 - 0x000000007782f000 	C:\Windows\SYSTEM32\ntdll.dll
0x0000000077570000 - 0x000000007768f000 	C:\Windows\system32\kernel32.dll
0x000007fefd520000 - 0x000007fefd587000 	C:\Windows\system32\KERNELBASE.dll
0x000007fef0e80000 - 0x000007fef0e98000 	C:\Users\admin\Desktop\SALENIUM DATA\eclipse\plugins\org.eclipse.justj.openjdk.hotspot.jre.full.win32.x86_64_17.0.4.v20220903-1038\jre\bin\jli.dll
0x000007fefb9a0000 - 0x000007fefbb95000 	C:\Windows\WinSxS\amd64_microsoft.windows.common-controls_6595b64144ccf1df_6.0.7601.24460_none_e3711c5330fd38b4\COMCTL32.dll
0x000007fefef40000 - 0x000007fefefdf000 	C:\Windows\system32\msvcrt.dll
0x000007feff690000 - 0x000007feff6f7000 	C:\Windows\system32\GDI32.dll
0x0000000077470000 - 0x000000007756a000 	C:\Windows\system32\USER32.dll
0x000007feff5a0000 - 0x000007feff5ae000 	C:\Windows\system32\LPK.dll
0x000007fefe920000 - 0x000007fefe9eb000 	C:\Windows\system32\USP10.dll
0x000007fefe770000 - 0x000007fefe7e1000 	C:\Windows\system32\SHLWAPI.dll
0x000007fef29b0000 - 0x000007fef29c9000 	C:\Users\admin\Desktop\SALENIUM DATA\eclipse\plugins\org.eclipse.justj.openjdk.hotspot.jre.full.win32.x86_64_17.0.4.v20220903-1038\jre\bin\VCRUNTIME140.dll
0x000007fef2950000 - 0x000007fef2954000 	C:\Users\admin\Desktop\SALENIUM DATA\eclipse\plugins\org.eclipse.justj.openjdk.hotspot.jre.full.win32.x86_64_17.0.4.v20220903-1038\jre\bin\api-ms-win-crt-runtime-l1-1-0.dll
0x000007fed90e0000 - 0x000007fed91da000 	C:\Users\admin\Desktop\SALENIUM DATA\eclipse\plugins\org.eclipse.justj.openjdk.hotspot.jre.full.win32.x86_64_17.0.4.v20220903-1038\jre\bin\ucrtbase.DLL
0x000007fef2940000 - 0x000007fef2943000 	C:\Users\admin\Desktop\SALENIUM DATA\eclipse\plugins\org.eclipse.justj.openjdk.hotspot.jre.full.win32.x86_64_17.0.4.v20220903-1038\jre\bin\api-ms-win-core-localization-l1-2-0.dll
0x000007fef1390000 - 0x000007fef1393000 	C:\Users\admin\Desktop\SALENIUM DATA\eclipse\plugins\org.eclipse.justj.openjdk.hotspot.jre.full.win32.x86_64_17.0.4.v20220903-1038\jre\bin\api-ms-win-core-processthreads-l1-1-1.dll
0x000007fef0e20000 - 0x000007fef0e23000 	C:\Users\admin\Desktop\SALENIUM DATA\eclipse\plugins\org.eclipse.justj.openjdk.hotspot.jre.full.win32.x86_64_17.0.4.v20220903-1038\jre\bin\api-ms-win-core-file-l1-2-0.dll
0x000007fef0e10000 - 0x000007fef0e13000 	C:\Users\admin\Desktop\SALENIUM DATA\eclipse\plugins\org.eclipse.justj.openjdk.hotspot.jre.full.win32.x86_64_17.0.4.v20220903-1038\jre\bin\api-ms-win-core-timezone-l1-1-0.dll
0x000007fef0e00000 - 0x000007fef0e03000 	C:\Users\admin\Desktop\SALENIUM DATA\eclipse\plugins\org.eclipse.justj.openjdk.hotspot.jre.full.win32.x86_64_17.0.4.v20220903-1038\jre\bin\api-ms-win-core-file-l2-1-0.dll
0x000007fef0b00000 - 0x000007fef0b03000 	C:\Users\admin\Desktop\SALENIUM DATA\eclipse\plugins\org.eclipse.justj.openjdk.hotspot.jre.full.win32.x86_64_17.0.4.v20220903-1038\jre\bin\api-ms-win-core-synch-l1-2-0.dll
0x000007fef0af0000 - 0x000007fef0af3000 	C:\Users\admin\Desktop\SALENIUM DATA\eclipse\plugins\org.eclipse.justj.openjdk.hotspot.jre.full.win32.x86_64_17.0.4.v20220903-1038\jre\bin\api-ms-win-crt-heap-l1-1-0.dll
0x000007fef0ae0000 - 0x000007fef0ae4000 	C:\Users\admin\Desktop\SALENIUM DATA\eclipse\plugins\org.eclipse.justj.openjdk.hotspot.jre.full.win32.x86_64_17.0.4.v20220903-1038\jre\bin\api-ms-win-crt-string-l1-1-0.dll
0x000007fef0ad0000 - 0x000007fef0ad4000 	C:\Users\admin\Desktop\SALENIUM DATA\eclipse\plugins\org.eclipse.justj.openjdk.hotspot.jre.full.win32.x86_64_17.0.4.v20220903-1038\jre\bin\api-ms-win-crt-stdio-l1-1-0.dll
0x000007fef0ac0000 - 0x000007fef0ac4000 	C:\Users\admin\Desktop\SALENIUM DATA\eclipse\plugins\org.eclipse.justj.openjdk.hotspot.jre.full.win32.x86_64_17.0.4.v20220903-1038\jre\bin\api-ms-win-crt-convert-l1-1-0.dll
0x000007fef0ab0000 - 0x000007fef0ab3000 	C:\Users\admin\Desktop\SALENIUM DATA\eclipse\plugins\org.eclipse.justj.openjdk.hotspot.jre.full.win32.x86_64_17.0.4.v20220903-1038\jre\bin\api-ms-win-crt-environment-l1-1-0.dll
0x000007fef0a30000 - 0x000007fef0a33000 	C:\Users\admin\Desktop\SALENIUM DATA\eclipse\plugins\org.eclipse.justj.openjdk.hotspot.jre.full.win32.x86_64_17.0.4.v20220903-1038\jre\bin\api-ms-win-crt-filesystem-l1-1-0.dll
0x000007fef0a20000 - 0x000007fef0a25000 	C:\Users\admin\Desktop\SALENIUM DATA\eclipse\plugins\org.eclipse.justj.openjdk.hotspot.jre.full.win32.x86_64_17.0.4.v20220903-1038\jre\bin\api-ms-win-crt-math-l1-1-0.dll
0x000007fef0a10000 - 0x000007fef0a13000 	C:\Users\admin\Desktop\SALENIUM DATA\eclipse\plugins\org.eclipse.justj.openjdk.hotspot.jre.full.win32.x86_64_17.0.4.v20220903-1038\jre\bin\api-ms-win-crt-locale-l1-1-0.dll
0x000007fefefe0000 - 0x000007feff00e000 	C:\Windows\system32\IMM32.DLL
0x000007fefd880000 - 0x000007fefd989000 	C:\Windows\system32\MSCTF.dll
0x000007fef1740000 - 0x000007fef174c000 	C:\Users\admin\Desktop\SALENIUM DATA\eclipse\plugins\org.eclipse.justj.openjdk.hotspot.jre.full.win32.x86_64_17.0.4.v20220903-1038\jre\bin\vcruntime140_1.dll
0x000007feec670000 - 0x000007feec701000 	C:\Users\admin\Desktop\SALENIUM DATA\eclipse\plugins\org.eclipse.justj.openjdk.hotspot.jre.full.win32.x86_64_17.0.4.v20220903-1038\jre\bin\msvcp140.dll
0x000007fef0a00000 - 0x000007fef0a03000 	C:\Users\admin\Desktop\SALENIUM DATA\eclipse\plugins\org.eclipse.justj.openjdk.hotspot.jre.full.win32.x86_64_17.0.4.v20220903-1038\jre\bin\api-ms-win-crt-time-l1-1-0.dll
0x000007fef09f0000 - 0x000007fef09f3000 	C:\Users\admin\Desktop\SALENIUM DATA\eclipse\plugins\org.eclipse.justj.openjdk.hotspot.jre.full.win32.x86_64_17.0.4.v20220903-1038\jre\bin\api-ms-win-crt-utility-l1-1-0.dll
0x000007feeba20000 - 0x000007feec666000 	C:\Users\admin\Desktop\SALENIUM DATA\eclipse\plugins\org.eclipse.justj.openjdk.hotspot.jre.full.win32.x86_64_17.0.4.v20220903-1038\jre\bin\server\jvm.dll
0x000007feff5b0000 - 0x000007feff68b000 	C:\Windows\system32\ADVAPI32.dll
0x000007feff580000 - 0x000007feff59f000 	C:\Windows\SYSTEM32\sechost.dll
0x000007fefe7f0000 - 0x000007fefe91c000 	C:\Windows\system32\RPCRT4.dll
0x000007feee2b0000 - 0x000007feee2b9000 	C:\Windows\system32\WSOCK32.dll
0x000007fefd990000 - 0x000007fefd9dd000 	C:\Windows\system32\WS2_32.dll
0x000007feff010000 - 0x000007feff018000 	C:\Windows\system32\NSI.dll
0x000007fef55a0000 - 0x000007fef55db000 	C:\Windows\system32\WINMM.dll
0x000007fefc2c0000 - 0x000007fefc2cc000 	C:\Windows\system32\VERSION.dll
0x0000000077840000 - 0x0000000077847000 	C:\Windows\system32\PSAPI.DLL
0x000007fef16e0000 - 0x000007fef16ea000 	C:\Users\admin\Desktop\SALENIUM DATA\eclipse\plugins\org.eclipse.justj.openjdk.hotspot.jre.full.win32.x86_64_17.0.4.v20220903-1038\jre\bin\jimage.dll
0x000007fef27b0000 - 0x000007fef28d5000 	C:\Windows\system32\DBGHELP.DLL
0x000007fef16b0000 - 0x000007fef16d5000 	C:\Users\admin\Desktop\SALENIUM DATA\eclipse\plugins\org.eclipse.justj.openjdk.hotspot.jre.full.win32.x86_64_17.0.4.v20220903-1038\jre\bin\java.dll
0x000007fef1690000 - 0x000007fef16a8000 	C:\Users\admin\Desktop\SALENIUM DATA\eclipse\plugins\org.eclipse.justj.openjdk.hotspot.jre.full.win32.x86_64_17.0.4.v20220903-1038\jre\bin\zip.dll
0x000007fefd9e0000 - 0x000007fefe76b000 	C:\Windows\system32\SHELL32.dll
0x000007fefd680000 - 0x000007fefd87f000 	C:\Windows\system32\ole32.dll
0x000007fefd1f0000 - 0x000007fefd1ff000 	C:\Windows\system32\profapi.dll
0x000007fef1370000 - 0x000007fef1389000 	C:\Users\admin\Desktop\SALENIUM DATA\eclipse\plugins\org.eclipse.justj.openjdk.hotspot.jre.full.win32.x86_64_17.0.4.v20220903-1038\jre\bin\net.dll
0x000007fef9440000 - 0x000007fef94b1000 	C:\Windows\system32\WINHTTP.dll
0x000007fef93d0000 - 0x000007fef9435000 	C:\Windows\system32\webio.dll
0x000007fefc960000 - 0x000007fefc9b5000 	C:\Windows\system32\mswsock.dll
0x000007fefc950000 - 0x000007fefc957000 	C:\Windows\System32\wship6.dll
0x000007fef1350000 - 0x000007fef1365000 	C:\Users\admin\Desktop\SALENIUM DATA\eclipse\plugins\org.eclipse.justj.openjdk.hotspot.jre.full.win32.x86_64_17.0.4.v20220903-1038\jre\bin\nio.dll
0x000007fefc390000 - 0x000007fefc397000 	C:\Windows\System32\wshtcpip.dll
0x000007fefc7e0000 - 0x000007fefc83b000 	C:\Windows\system32\DNSAPI.dll
0x000007fefab60000 - 0x000007fefab87000 	C:\Windows\system32\IPHLPAPI.DLL
0x000007fefab50000 - 0x000007fefab5b000 	C:\Windows\system32\WINNSI.DLL
0x000007fef9550000 - 0x000007fef9558000 	C:\Windows\system32\rasadhlp.dll
0x000007fefaa20000 - 0x000007fefaa73000 	C:\Windows\System32\fwpuclnt.dll
0x000007fef09e0000 - 0x000007fef09e9000 	C:\Users\admin\Desktop\SALENIUM DATA\eclipse\plugins\org.eclipse.justj.openjdk.hotspot.jre.full.win32.x86_64_17.0.4.v20220903-1038\jre\bin\management.dll
0x000007fef0920000 - 0x000007fef092b000 	C:\Users\admin\Desktop\SALENIUM DATA\eclipse\plugins\org.eclipse.justj.openjdk.hotspot.jre.full.win32.x86_64_17.0.4.v20220903-1038\jre\bin\management_ext.dll
0x000007fef1190000 - 0x000007fef119e000 	C:\Users\admin\Desktop\SALENIUM DATA\eclipse\plugins\org.eclipse.justj.openjdk.hotspot.jre.full.win32.x86_64_17.0.4.v20220903-1038\jre\bin\sunmscapi.dll
0x000007fefd210000 - 0x000007fefd37d000 	C:\Windows\system32\CRYPT32.dll
0x000007fefd1e0000 - 0x000007fefd1ef000 	C:\Windows\system32\MSASN1.dll
0x000007fefcb90000 - 0x000007fefcbe0000 	C:\Windows\system32\ncrypt.dll
0x000007fefcb60000 - 0x000007fefcb82000 	C:\Windows\system32\bcrypt.dll
0x000007fefc9c0000 - 0x000007fefc9d8000 	C:\Windows\system32\CRYPTSP.dll
0x000007fefc6c0000 - 0x000007fefc707000 	C:\Windows\system32\rsaenh.dll
0x000007fefd500000 - 0x000007fefd51f000 	C:\Windows\system32\USERENV.dll
0x000007fefd080000 - 0x000007fefd08f000 	C:\Windows\system32\CRYPTBASE.dll
0x000007fefa9a0000 - 0x000007fefa9b8000 	C:\Windows\system32\dhcpcsvc.DLL
0x000007fefa980000 - 0x000007fefa991000 	C:\Windows\system32\dhcpcsvc6.DLL
0x000007fef1340000 - 0x000007fef1350000 	C:\Users\admin\Desktop\SALENIUM DATA\eclipse\plugins\org.eclipse.justj.openjdk.hotspot.jre.full.win32.x86_64_17.0.4.v20220903-1038\jre\bin\verify.dll
0x000007fefd020000 - 0x000007fefd077000 	C:\Windows\system32\apphelp.dll

dbghelp: loaded successfully - version: 4.0.5 - missing functions: none
symbol engine: initialized successfully - sym options: 0x614 - pdb path: .;C:\Users\admin\Desktop\SALENIUM DATA\eclipse\plugins\org.eclipse.justj.openjdk.hotspot.jre.full.win32.x86_64_17.0.4.v20220903-1038\jre\bin;C:\Windows\SYSTEM32;C:\Windows\WinSxS\amd64_microsoft.windows.common-controls_6595b64144ccf1df_6.0.7601.24460_none_e3711c5330fd38b4;C:\Users\admin\Desktop\SALENIUM DATA\eclipse\plugins\org.eclipse.justj.openjdk.hotspot.jre.full.win32.x86_64_17.0.4.v20220903-1038\jre\bin\server

VM Arguments:
jvm_args: -Dfile.encoding=UTF-8 -XX:+ShowCodeDetailsInExceptionMessages 
java_command: assignmentonlocator.FlipkartLaptop
java_class_path (initial): C:\Users\admin\Desktop\wcsa4 workspace\wcsa4seleniumproject\bin;C:\Users\admin\Desktop\wcsa4 workspace\wcsa4seleniumproject\jars\selenium-server-4.6.0.jar
Launcher Type: SUN_STANDARD

[Global flags]
     intx CICompilerCount                          = 3                                         {product} {ergonomic}
     uint ConcGCThreads                            = 1                                         {product} {ergonomic}
     uint G1ConcRefinementThreads                  = 4                                         {product} {ergonomic}
   size_t G1HeapRegionSize                         = 1048576                                   {product} {ergonomic}
    uintx GCDrainStackTargetSize                   = 64                                        {product} {ergonomic}
   size_t InitialHeapSize                          = 50331648                                  {product} {ergonomic}
   size_t MarkStackSize                            = 4194304                                   {product} {ergonomic}
   size_t MaxHeapSize                              = 782237696                                 {product} {ergonomic}
   size_t MaxNewSize                               = 468713472                                 {product} {ergonomic}
   size_t MinHeapDeltaBytes                        = 1048576                                   {product} {ergonomic}
   size_t MinHeapSize                              = 8388608                                   {product} {ergonomic}
    uintx NonNMethodCodeHeapSize                   = 5832780                                {pd product} {ergonomic}
    uintx NonProfiledCodeHeapSize                  = 122912730                              {pd product} {ergonomic}
    uintx ProfiledCodeHeapSize                     = 122912730                              {pd product} {ergonomic}
    uintx ReservedCodeCacheSize                    = 251658240                              {pd product} {ergonomic}
     bool SegmentedCodeCache                       = true                                      {product} {ergonomic}
     bool ShowCodeDetailsInExceptionMessages       = true                                   {manageable} {command line}
   size_t SoftMaxHeapSize                          = 782237696                              {manageable} {ergonomic}
     bool UseCompressedClassPointers               = true                           {product lp64_product} {ergonomic}
     bool UseCompressedOops                        = true                           {product lp64_product} {ergonomic}
     bool UseG1GC                                  = true                                      {product} {ergonomic}
     bool UseLargePagesIndividualAllocation        = false                                  {pd product} {ergonomic}

Logging:
Log output configuration:
 #0: stdout all=warning uptime,level,tags
 #1: stderr all=off uptime,level,tags

Environment Variables:
JAVA_HOME=C:\Program Files\Java\jdk1.8.0_181\bin
PATH=C:/Users/admin/Desktop/SALENIUM DATA/eclipse//plugins/org.eclipse.justj.openjdk.hotspot.jre.full.win32.x86_64_17.0.4.v20220903-1038/jre/bin/server;C:/Users/admin/Desktop/SALENIUM DATA/eclipse//plugins/org.eclipse.justj.openjdk.hotspot.jre.full.win32.x86_64_17.0.4.v20220903-1038/jre/bin;C:\Program Files\Common Files\Oracle\Java\javapath;C:\Program Files\Java\jdk1.8.0_181\bin;C:\Users\admin\Desktop\SALENIUM DATA\eclipse;
USERNAME=admin
OS=Windows_NT
PROCESSOR_IDENTIFIER=Intel64 Family 6 Model 42 Stepping 7, GenuineIntel
TMP=C:\Users\admin\AppData\Local\Temp
TEMP=C:\Users\admin\AppData\Local\Temp



---------------  S Y S T E M  ---------------

OS:
 Windows 7 , 64 bit Build 7601 (6.1.7601.24475)
OS uptime: 0 days 1:36 hours

CPU: total 4 (initial active 4) (2 cores per cpu, 2 threads per core) family 6 model 42 stepping 7 microcode 0x0, cx8, cmov, fxsr, ht, mmx, sse, sse2, sse3, ssse3, sse4.1, sse4.2, popcnt, tsc, tscinvbit, avx, clmul, vzeroupper, clflush

Memory: 4k page, system-wide physical 2980M (552M free)
TotalPageFile size 5974M (AvailPageFile size 89M)
current process WorkingSet (physical memory assigned to process): 113M, peak: 114M
current process commit charge ("private bytes"): 143M, peak: 145M

vm_info: OpenJDK 64-Bit Server VM (17.0.4.1+1) for windows-amd64 JRE (17.0.4.1+1), built on Aug 17 2022 07:42:43 by "temurin" with MS VC++ 16.7 (VS2019)

END.
